<?xml version="1.0" encoding="utf-8"?><testsuites name="pytest tests"><testsuite name="pytest" errors="0" failures="0" skipped="0" tests="10" time="7.957" timestamp="2026-03-13T01:25:31.237911+00:00" hostname="agent-env-e84e0118-9634-4dc5-a907-e14e6d286528"><testcase classname="backend.tests.test_kanclaw_mvp_api.TestKanClawMvpApi" name="test_health_endpoint" time="0.303" /><testcase classname="backend.tests.test_kanclaw_mvp_api.TestKanClawMvpApi" name="test_projects_list_and_create" time="0.451" /><testcase classname="backend.tests.test_kanclaw_mvp_api.TestKanClawMvpApi" name="test_task_create_and_status_update_persist" time="0.575" /><testcase classname="backend.tests.test_kanclaw_mvp_api.TestKanClawMvpApi" name="test_file_create_read_and_overwrite" time="0.665" /><testcase classname="backend.tests.test_kanclaw_mvp_api.TestKanClawMvpApi" name="test_send_task_returns_clear_error_when_gateway_offline" time="1.309" /><testcase classname="backend.tests.test_project_os_integrations.TestProjectOsIntegrations" name="test_chat_persists_messages_and_returns_offline_error" time="1.744" /><testcase classname="backend.tests.test_project_os_integrations.TestProjectOsIntegrations" name="test_github_connector_status_connected" time="0.386" /><testcase classname="backend.tests.test_project_os_integrations.TestProjectOsIntegrations" name="test_github_repositories_and_preview" time="1.338" /><testcase classname="backend.tests.test_project_os_integrations.TestProjectOsIntegrations" name="test_snapshot_create_and_get_persist" time="0.790" /><testcase classname="backend.tests.test_project_os_integrations.TestProjectOsIntegrations" name="test_filesystem_local_first_metadata_path" time="0.354" /></testsuite></testsuites>