<?xml version="1.0" encoding="utf-8"?><testsuites name="pytest tests"><testsuite name="pytest" errors="0" failures="0" skipped="0" tests="5" time="3.376" timestamp="2026-03-13T00:01:04.318070+00:00" hostname="agent-env-e84e0118-9634-4dc5-a907-e14e6d286528"><testcase classname="backend.tests.test_kanclaw_mvp_api.TestKanClawMvpApi" name="test_health_endpoint" time="0.464" /><testcase classname="backend.tests.test_kanclaw_mvp_api.TestKanClawMvpApi" name="test_projects_list_and_create" time="0.483" /><testcase classname="backend.tests.test_kanclaw_mvp_api.TestKanClawMvpApi" name="test_task_create_and_status_update_persist" time="0.473" /><testcase classname="backend.tests.test_kanclaw_mvp_api.TestKanClawMvpApi" name="test_file_create_read_and_overwrite" time="0.592" /><testcase classname="backend.tests.test_kanclaw_mvp_api.TestKanClawMvpApi" name="test_send_task_returns_clear_error_when_gateway_offline" time="1.258" /></testsuite></testsuites>